<?xml version="1.0" encoding="UTF-8"?>
<!-- Generated by org.testng.reporters.JUnitXMLReporter -->
<testsuite hostname="DESKTOP-MAF25M2" name="Run on Chorme" tests="2" failures="2" timestamp="23 Sep 2018 13:07:16 GMT" time="102.797" errors="0">
  <testcase name="TC_01_Rigister" time="32.152" classname="com.bankguru.user.User_01_RegisterAndLoginToSystem_Level2">
    <failure type="org.openqa.selenium.TimeoutException" message="Timed out after 30 seconds waiting for element to no longer be visible: By.xpath: //input[@name=&amp;apos;emailid&amp;apos;]
Build info: version: &amp;apos;2.53.1&amp;apos;, revision: &amp;apos;a36b8b1&amp;apos;, time: &amp;apos;2016-06-30 17:37:03&amp;apos;
System info: host: &amp;apos;DESKTOP-MAF25M2&amp;apos;, ip: &amp;apos;192.168.1.31&amp;apos;, os.name: &amp;apos;Windows 10&amp;apos;, os.arch: &amp;apos;amd64&amp;apos;, os.version: &amp;apos;10.0&amp;apos;, java.version: &amp;apos;1.8.0_161&amp;apos;
Driver info: org.openqa.selenium.firefox.FirefoxDriver
Capabilities [{applicationCacheEnabled=true, rotatable=false, handlesAlerts=true, databaseEnabled=true, version=47.0.2, platform=WINDOWS, nativeEvents=false, acceptSslCerts=true, webStorageEnabled=true, locationContextEnabled=true, browserName=firefox, takesScreenshot=true, javascriptEnabled=true, cssSelectorsEnabled=true}]
Session ID: f2785cda-c947-42ef-836c-9dbaa7962cd2">
      <![CDATA[org.openqa.selenium.TimeoutException: Timed out after 30 seconds waiting for element to no longer be visible: By.xpath: //input[@name='emailid']
Build info: version: '2.53.1', revision: 'a36b8b1', time: '2016-06-30 17:37:03'
System info: host: 'DESKTOP-MAF25M2', ip: '192.168.1.31', os.name: 'Windows 10', os.arch: 'amd64', os.version: '10.0', java.version: '1.8.0_161'
Driver info: org.openqa.selenium.firefox.FirefoxDriver
Capabilities [{applicationCacheEnabled=true, rotatable=false, handlesAlerts=true, databaseEnabled=true, version=47.0.2, platform=WINDOWS, nativeEvents=false, acceptSslCerts=true, webStorageEnabled=true, locationContextEnabled=true, browserName=firefox, takesScreenshot=true, javascriptEnabled=true, cssSelectorsEnabled=true}]
Session ID: f2785cda-c947-42ef-836c-9dbaa7962cd2
	at org.openqa.selenium.support.ui.WebDriverWait.timeoutException(WebDriverWait.java:80)
	at org.openqa.selenium.support.ui.FluentWait.until(FluentWait.java:261)
	at commons.AbstractPage.waitForControlVisible(AbstractPage.java:145)
	at com.bankguru.user.User_01_RegisterAndLoginToSystem_Level2.TC_01_Rigister(User_01_RegisterAndLoginToSystem_Level2.java:35)
... Removed 24 stack frames]]>
    </failure>
  </testcase> <!-- TC_01_Rigister -->
  <testcase name="TC_02_Login" time="33.384" classname="com.bankguru.user.User_01_RegisterAndLoginToSystem_Level2">
    <failure type="org.openqa.selenium.TimeoutException" message="Timed out after 30 seconds waiting for element to no longer be visible: By.xpath: //input[@name=&amp;apos;uid&amp;apos;]
Build info: version: &amp;apos;2.53.1&amp;apos;, revision: &amp;apos;a36b8b1&amp;apos;, time: &amp;apos;2016-06-30 17:37:03&amp;apos;
System info: host: &amp;apos;DESKTOP-MAF25M2&amp;apos;, ip: &amp;apos;192.168.1.31&amp;apos;, os.name: &amp;apos;Windows 10&amp;apos;, os.arch: &amp;apos;amd64&amp;apos;, os.version: &amp;apos;10.0&amp;apos;, java.version: &amp;apos;1.8.0_161&amp;apos;
Driver info: org.openqa.selenium.firefox.FirefoxDriver
Capabilities [{applicationCacheEnabled=true, rotatable=false, handlesAlerts=true, databaseEnabled=true, version=47.0.2, platform=WINDOWS, nativeEvents=false, acceptSslCerts=true, webStorageEnabled=true, locationContextEnabled=true, browserName=firefox, takesScreenshot=true, javascriptEnabled=true, cssSelectorsEnabled=true}]
Session ID: f2785cda-c947-42ef-836c-9dbaa7962cd2">
      <![CDATA[org.openqa.selenium.TimeoutException: Timed out after 30 seconds waiting for element to no longer be visible: By.xpath: //input[@name='uid']
Build info: version: '2.53.1', revision: 'a36b8b1', time: '2016-06-30 17:37:03'
System info: host: 'DESKTOP-MAF25M2', ip: '192.168.1.31', os.name: 'Windows 10', os.arch: 'amd64', os.version: '10.0', java.version: '1.8.0_161'
Driver info: org.openqa.selenium.firefox.FirefoxDriver
Capabilities [{applicationCacheEnabled=true, rotatable=false, handlesAlerts=true, databaseEnabled=true, version=47.0.2, platform=WINDOWS, nativeEvents=false, acceptSslCerts=true, webStorageEnabled=true, locationContextEnabled=true, browserName=firefox, takesScreenshot=true, javascriptEnabled=true, cssSelectorsEnabled=true}]
Session ID: f2785cda-c947-42ef-836c-9dbaa7962cd2
	at org.openqa.selenium.support.ui.WebDriverWait.timeoutException(WebDriverWait.java:80)
	at org.openqa.selenium.support.ui.FluentWait.until(FluentWait.java:261)
	at commons.AbstractPage.waitForControlVisible(AbstractPage.java:145)
	at com.bankguru.user.User_01_RegisterAndLoginToSystem_Level2.TC_02_Login(User_01_RegisterAndLoginToSystem_Level2.java:58)
... Removed 24 stack frames]]>
    </failure>
  </testcase> <!-- TC_02_Login -->
</testsuite> <!-- Run on Chorme -->
